C251 COMPILER V5.60.0,  ble6a20                                                            11/01/26  21:17:36  PAGE 1   


C251 COMPILER V5.60.0, COMPILATION OF MODULE ble6a20
OBJECT MODULE PLACED IN .\out_file\ble6a20.obj
COMPILER INVOKED BY: D:\Keil\C251\BIN\C251.EXE ..\code\ble6a20.c LARGE NOALIAS FLOAT64 WARNINGLEVEL(3) OPTIMIZE(SIZE) BR
                    -OWSE INCDIR(..\..\libraries\zf_common;..\..\libraries\zf_components;..\..\libraries\zf_device;..\..\libraries\zf_driver;
                    -..\user;..\code) DEBUG PRINT(.\out_file\ble6a20.lst) OBJECT(.\out_file\ble6a20.obj) 

stmt  level    source

    1          
    2          #include "zf_common_headfile.h"
    3          
    4          
    5          uint8 data_buffer[32];
    6          uint8 data_read[32];
    7          uint8 data_len;
    8                          
    9          void Fault_Detect(void)
   10          {
   11   1              gpio_init(IO_P52, GPO, GPIO_HIGH, GPO_PUSH_PULL);                             // ≥ı ºªØ LED1  ‰≥ˆ ƒ¨»œ∏ﬂ
             -µÁ∆Ω Õ∆ÕÏ ‰≥ˆƒ£ Ω
   12   1          while(ble6a20_init())                                                       // ≈–∂œ «∑ÒÕ®π˝≥ı ºªØ
   13   1          {
   14   2              gpio_toggle_level(IO_P52);                                                // ∑≠◊™ LED “˝Ω≈ ‰≥ˆµÁ∆
             -Ω øÿ÷∆ LED ¡¡√
   15   2              system_delay_ms(100);                                                   // ∂Ã—” ±øÏÀŸ…¡µ∆±Ì æ“Ï≥£
   16   2          }
   17   1          ble6a20_send_byte('\r');
   18   1          ble6a20_send_byte('\n');
   19   1          ble6a20_send_string("JUST DO IT.\r\n");                    // ≥ı ºªØ’˝≥£  ‰≥ˆ≤‚ ‘–≈œ¢
   20   1      }
   21          
   22          
   23          void Parm_Fb(void)
   24          {
   25   1              ble6a20_send_string("JUST DO IT.\r\n");
   26   1      
   27   1      }
   28          


Module Information          Static   Overlayable
------------------------------------------------
  code size            =        70     ------
  ecode size           =    ------     ------
  data size            =    ------     ------
  idata size           =    ------     ------
  pdata size           =    ------     ------
  xdata size           =        65     ------
  xdata-const size     =    ------     ------
  edata size           =    ------     ------
  bit size             =    ------     ------
  ebit size            =    ------     ------
  bitaddressable size  =    ------     ------
  ebitaddressable size =    ------     ------
  far data size        =    ------     ------
  huge data size       =    ------     ------
  const size           =    ------     ------
  hconst size          =        14     ------
End of Module Information.


C251 COMPILATION COMPLETE.  0 WARNING(S),  0 ERROR(S)
