C251 COMPILER V5.60.0,  imu660ra                                                           04/12/25  22:40:51  PAGE 1   


C251 COMPILER V5.60.0, COMPILATION OF MODULE imu660ra
OBJECT MODULE PLACED IN .\out_file\imu660ra.obj
COMPILER INVOKED BY: D:\Keil\C251\BIN\C251.EXE ..\code\imu660ra.c LARGE NOALIAS FLOAT64 WARNINGLEVEL(3) OPTIMIZE(SIZE) B
                    -ROWSE INCDIR(..\..\libraries\zf_common;..\..\libraries\zf_components;..\..\libraries\zf_device;..\..\libraries\zf_driver
                    -;..\user;..\code) DEBUG PRINT(.\out_file\imu660ra.lst) OBJECT(.\out_file\imu660ra.obj) 

stmt  level    source

*** WARNING C38 IN LINE 1 OF ..\code\imu660ra.c: empty translation unit


Module Information          Static   Overlayable
------------------------------------------------
  code size            =    ------     ------
  ecode size           =    ------     ------
  data size            =    ------     ------
  idata size           =    ------     ------
  pdata size           =    ------     ------
  xdata size           =    ------     ------
  xdata-const size     =    ------     ------
  edata size           =    ------     ------
  bit size             =    ------     ------
  ebit size            =    ------     ------
  bitaddressable size  =    ------     ------
  ebitaddressable size =    ------     ------
  far data size        =    ------     ------
  huge data size       =    ------     ------
  const size           =    ------     ------
  hconst size          =    ------     ------
End of Module Information.


C251 COMPILATION COMPLETE.  1 WARNING(S),  0 ERROR(S)
