C251 COMPILER V5.60.0,  main                                                               04/12/25  23:05:00  PAGE 1   


C251 COMPILER V5.60.0, COMPILATION OF MODULE main
OBJECT MODULE PLACED IN .\out_file\main.obj
COMPILER INVOKED BY: D:\Keil\C251\BIN\C251.EXE ..\user\main.c LARGE NOALIAS FLOAT64 WARNINGLEVEL(3) OPTIMIZE(SIZE) BROWS
                    -E INCDIR(..\..\libraries\zf_common;..\..\libraries\zf_components;..\..\libraries\zf_device;..\..\libraries\zf_driver;..\
                    -user;..\code) DEBUG PRINT(.\out_file\main.lst) OBJECT(.\out_file\main.obj) 

stmt  level    source

    1          
    2          #include "zf_common_headfile.h"
    3          
    4          void main()
    5          {
    6   1          clock_init(SYSTEM_CLOCK_30M);
    7   1              debug_init();
    8   1              Motor_PWM_Init();
    9   1              Servo_PWM_Init();
   10   1              Encoder_Init();
   11   1              LCD_Init();
   12   1              
   13   1          while(1)
   14   1          {
   15   2                      Motor_Out(10,10);
   16   2                      Turn_Angle(75); 
   17   2                      LCD_Disp();
   18   2          }
   19   1      }


Module Information          Static   Overlayable
------------------------------------------------
  code size            =        84     ------
  ecode size           =    ------     ------
  data size            =    ------     ------
  idata size           =    ------     ------
  pdata size           =    ------     ------
  xdata size           =    ------     ------
  xdata-const size     =    ------     ------
  edata size           =    ------     ------
  bit size             =    ------     ------
  ebit size            =    ------     ------
  bitaddressable size  =    ------     ------
  ebitaddressable size =    ------     ------
  far data size        =    ------     ------
  huge data size       =    ------     ------
  const size           =    ------     ------
  hconst size          =         2     ------
End of Module Information.


C251 COMPILATION COMPLETE.  0 WARNING(S),  0 ERROR(S)
