C251 COMPILER V5.60.0,  tft180                                                             04/12/25  23:04:59  PAGE 1   


C251 COMPILER V5.60.0, COMPILATION OF MODULE tft180
OBJECT MODULE PLACED IN .\out_file\tft180.obj
COMPILER INVOKED BY: D:\Keil\C251\BIN\C251.EXE ..\code\tft180.c LARGE NOALIAS FLOAT64 WARNINGLEVEL(3) OPTIMIZE(SIZE) BRO
                    -WSE INCDIR(..\..\libraries\zf_common;..\..\libraries\zf_components;..\..\libraries\zf_device;..\..\libraries\zf_driver;.
                    -.\user;..\code) DEBUG PRINT(.\out_file\tft180.lst) OBJECT(.\out_file\tft180.obj) 

stmt  level    source

    1          #include "zf_common_headfile.h"
    2          
    3          void LCD_Init(void)
    4          {
    5   1              tft180_init();
    6   1              tft180_clear(RGB565_WHITE);                                                                             //«Â∆¡
    7   1      }
    8          
    9          void LCD_Disp(void)
   10          {
   11   1              tft180_show_string (0,16*0,"Encoder_Left:");
   12   1              tft180_show_int16 (0,16*1,Encoder_Left_Get());
   13   1              tft180_show_string (0,16*2,"Encoder_Right:");
   14   1              tft180_show_int16 (0,16*3,Encoder_Right_Get());
   15   1      
   16   1      }


Module Information          Static   Overlayable
------------------------------------------------
  code size            =        76     ------
  ecode size           =    ------     ------
  data size            =    ------     ------
  idata size           =    ------     ------
  pdata size           =    ------     ------
  xdata size           =    ------     ------
  xdata-const size     =    ------     ------
  edata size           =    ------     ------
  bit size             =    ------     ------
  ebit size            =    ------     ------
  bitaddressable size  =    ------     ------
  ebitaddressable size =    ------     ------
  far data size        =    ------     ------
  huge data size       =    ------     ------
  const size           =    ------     ------
  hconst size          =        29     ------
End of Module Information.


C251 COMPILATION COMPLETE.  0 WARNING(S),  0 ERROR(S)
